<?xml version="1.0" encoding="UTF-8"?>
<!-- Generated by org.testng.reporters.JUnitXMLReporter -->
<testsuite ignored="0" hostname="marco-TP1" failures="0" tests="84" name="Command line test" time="0.132" errors="0" timestamp="2021-09-16T03:08:38 PET">
  <testcase classname="cs.ing.software.lab1.PruebaTest" name="Test01" time="0.029"/>
  <testcase classname="cs.ing.software.lab1.PruebaTest" name="Test02" time="0.0"/>
  <testcase classname="cs.ing.software.lab1.PruebaTest" name="Test03" time="0.001"/>
  <testcase classname="cs.ing.software.lab1.PruebaTest" name="Test04" time="0.0"/>
  <testcase classname="cs.ing.software.lab1.PruebaTest" name="TestDeStress" time="0.001"/>
  <testcase classname="cs.ing.software.lab1.PruebaTest" name="TestDeStress" time="0.001"/>
  <testcase classname="cs.ing.software.lab1.PruebaTest" name="TestDeStress" time="0.0"/>
  <testcase classname="cs.ing.software.lab1.PruebaTest" name="TestDeStress" time="0.0"/>
  <testcase classname="cs.ing.software.lab1.PruebaTest" name="TestDeStress" time="0.0"/>
  <testcase classname="cs.ing.software.lab1.PruebaTest" name="TestDeStress" time="0.0"/>
  <testcase classname="cs.ing.software.lab1.PruebaTest" name="TestDeStress" time="0.0"/>
  <testcase classname="cs.ing.software.lab1.PruebaTest" name="TestDeStress" time="0.001"/>
  <testcase classname="cs.ing.software.lab1.PruebaTest" name="TestDeStress" time="0.0"/>
  <testcase classname="cs.ing.software.lab1.PruebaTest" name="TestDeStress" time="0.0"/>
  <testcase classname="cs.ing.software.lab1.PruebaTest" name="TestDeStress" time="0.002"/>
  <testcase classname="cs.ing.software.lab1.PruebaTest" name="TestDeStress" time="0.0"/>
  <testcase classname="cs.ing.software.lab1.PruebaTest" name="TestDeStress" time="0.002"/>
  <testcase classname="cs.ing.software.lab1.PruebaTest" name="TestDeStress" time="0.002"/>
  <testcase classname="cs.ing.software.lab1.PruebaTest" name="TestDeStress" time="0.0"/>
  <testcase classname="cs.ing.software.lab1.PruebaTest" name="TestDeStress" time="0.003"/>
  <testcase classname="cs.ing.software.lab1.PruebaTest" name="TestDeStress" time="0.001"/>
  <testcase classname="cs.ing.software.lab1.PruebaTest" name="TestDeStress" time="0.002"/>
  <testcase classname="cs.ing.software.lab1.PruebaTest" name="TestDeStress" time="0.004"/>
  <testcase classname="cs.ing.software.lab1.PruebaTest" name="TestDeStress" time="0.004"/>
  <testcase classname="cs.ing.software.lab1.PruebaTest" name="TestDeStress" time="0.001"/>
  <testcase classname="cs.ing.software.lab1.PruebaTest" name="TestDeStress" time="0.0"/>
  <testcase classname="cs.ing.software.lab1.PruebaTest" name="TestDeStress" time="0.0"/>
  <testcase classname="cs.ing.software.lab1.PruebaTest" name="TestDeStress" time="0.009"/>
  <testcase classname="cs.ing.software.lab1.PruebaTest" name="TestDeStress" time="0.009"/>
  <testcase classname="cs.ing.software.lab1.PruebaTest" name="TestDeStress" time="0.009"/>
  <testcase classname="cs.ing.software.lab1.PruebaTest" name="TestDeStress" time="0.009"/>
  <testcase classname="cs.ing.software.lab1.PruebaTest" name="TestDeStress" time="0.0"/>
  <testcase classname="cs.ing.software.lab1.PruebaTest" name="TestDeStress" time="0.001"/>
  <testcase classname="cs.ing.software.lab1.PruebaTest" name="TestDeStress" time="0.001"/>
  <testcase classname="cs.ing.software.lab1.PruebaTest" name="TestDeStress" time="0.0"/>
  <testcase classname="cs.ing.software.lab1.PruebaTest" name="TestDeStress" time="0.001"/>
  <testcase classname="cs.ing.software.lab1.PruebaTest" name="TestDeStress" time="0.0"/>
  <testcase classname="cs.ing.software.lab1.PruebaTest" name="TestDeStress" time="0.0"/>
  <testcase classname="cs.ing.software.lab1.PruebaTest" name="TestDeStress" time="0.0"/>
  <testcase classname="cs.ing.software.lab1.PruebaTest" name="TestDeStress" time="0.0"/>
  <testcase classname="cs.ing.software.lab1.PruebaTest" name="TestDeStress" time="0.0"/>
  <testcase classname="cs.ing.software.lab1.PruebaTest" name="TestDeStress" time="0.0"/>
  <testcase classname="cs.ing.software.lab1.PruebaTest" name="TestDeStress" time="0.0"/>
  <testcase classname="cs.ing.software.lab1.PruebaTest" name="TestDeStress" time="0.001"/>
  <testcase classname="cs.ing.software.lab1.PruebaTest" name="TestDeStress" time="0.001"/>
  <testcase classname="cs.ing.software.lab1.PruebaTest" name="TestDeStress" time="0.001"/>
  <testcase classname="cs.ing.software.lab1.PruebaTest" name="TestDeStress" time="0.0"/>
  <testcase classname="cs.ing.software.lab1.PruebaTest" name="TestDeStress" time="0.0"/>
  <testcase classname="cs.ing.software.lab1.PruebaTest" name="TestDeStress" time="0.0"/>
  <testcase classname="cs.ing.software.lab1.PruebaTest" name="TestDeStress" time="0.001"/>
  <testcase classname="cs.ing.software.lab1.PruebaTest" name="TestDeStress" time="0.0"/>
  <testcase classname="cs.ing.software.lab1.PruebaTest" name="TestDeStress" time="0.0"/>
  <testcase classname="cs.ing.software.lab1.PruebaTest" name="TestDeStress" time="0.001"/>
  <testcase classname="cs.ing.software.lab1.PruebaTest" name="TestDeStress" time="0.0"/>
  <testcase classname="cs.ing.software.lab1.PruebaTest" name="TestDeStress" time="0.0"/>
  <testcase classname="cs.ing.software.lab1.PruebaTest" name="TestDeStress" time="0.0"/>
  <testcase classname="cs.ing.software.lab1.PruebaTest" name="TestDeStress" time="0.0"/>
  <testcase classname="cs.ing.software.lab1.PruebaTest" name="TestDeStress" time="0.0"/>
  <testcase classname="cs.ing.software.lab1.PruebaTest" name="TestDeStress" time="0.0"/>
  <testcase classname="cs.ing.software.lab1.PruebaTest" name="TestDeStress" time="0.0"/>
  <testcase classname="cs.ing.software.lab1.PruebaTest" name="TestDeStress" time="0.0"/>
  <testcase classname="cs.ing.software.lab1.PruebaTest" name="TestDeStress" time="0.0"/>
  <testcase classname="cs.ing.software.lab1.PruebaTest" name="TestDeStress" time="0.0"/>
  <testcase classname="cs.ing.software.lab1.PruebaTest" name="TestDeStress" time="0.0"/>
  <testcase classname="cs.ing.software.lab1.PruebaTest" name="TestDeStress" time="0.0"/>
  <testcase classname="cs.ing.software.lab1.PruebaTest" name="TestDeStress" time="0.0"/>
  <testcase classname="cs.ing.software.lab1.PruebaTest" name="TestDeStress" time="0.0"/>
  <testcase classname="cs.ing.software.lab1.PruebaTest" name="TestDeStress" time="0.001"/>
  <testcase classname="cs.ing.software.lab1.PruebaTest" name="TestDeStress" time="0.0"/>
  <testcase classname="cs.ing.software.lab1.PruebaTest" name="TestDeStress" time="0.001"/>
  <testcase classname="cs.ing.software.lab1.PruebaTest" name="TestDeStress" time="0.0"/>
  <testcase classname="cs.ing.software.lab1.PruebaTest" name="TestDeStress" time="0.0"/>
  <testcase classname="cs.ing.software.lab1.PruebaTest" name="TestDeStress" time="0.0"/>
  <testcase classname="cs.ing.software.lab1.PruebaTest" name="TestDeStress" time="0.0"/>
  <testcase classname="cs.ing.software.lab1.PruebaTest" name="TestDeStress" time="0.0"/>
  <testcase classname="cs.ing.software.lab1.PruebaTest" name="TestDeStress" time="0.0"/>
  <testcase classname="cs.ing.software.lab1.PruebaTest" name="TestDeStress" time="0.0"/>
  <testcase classname="cs.ing.software.lab1.PruebaTest" name="TestDeStress" time="0.0"/>
  <testcase classname="cs.ing.software.lab1.PruebaTest" name="TestDeStress" time="0.0"/>
  <testcase classname="cs.ing.software.lab1.PruebaTest" name="TestDeStress" time="0.0"/>
  <testcase classname="cs.ing.software.lab1.PruebaTest" name="TestDeStress" time="0.0"/>
  <testcase classname="cs.ing.software.lab1.PruebaTest" name="TestDeStress" time="0.0"/>
  <testcase classname="cs.ing.software.lab1.PruebaTest" name="TestDeStress" time="0.0"/>
  <testcase classname="cs.ing.software.lab1.PruebaTest" name="TestDeStress" time="0.001"/>
</testsuite> <!-- Command line test -->
