<?xml version="1.0" encoding="UTF-8"?>
<!-- Generated by org.testng.reporters.JUnitXMLReporter -->
<testsuite ignored="0" hostname="marco-TP1" failures="0" tests="81" name="Command line test" time="0.112" errors="0" timestamp="2021-09-16T02:32:50 PET">
  <testcase classname="cs.ing.software.lab1.PruebaTest" name="Test01" time="0.014"/>
  <testcase classname="cs.ing.software.lab1.PruebaTest" name="TestDeStress" time="0.0"/>
  <testcase classname="cs.ing.software.lab1.PruebaTest" name="TestDeStress" time="0.0"/>
  <testcase classname="cs.ing.software.lab1.PruebaTest" name="TestDeStress" time="0.0"/>
  <testcase classname="cs.ing.software.lab1.PruebaTest" name="TestDeStress" time="0.004"/>
  <testcase classname="cs.ing.software.lab1.PruebaTest" name="TestDeStress" time="0.004"/>
  <testcase classname="cs.ing.software.lab1.PruebaTest" name="TestDeStress" time="0.001"/>
  <testcase classname="cs.ing.software.lab1.PruebaTest" name="TestDeStress" time="0.004"/>
  <testcase classname="cs.ing.software.lab1.PruebaTest" name="TestDeStress" time="0.0"/>
  <testcase classname="cs.ing.software.lab1.PruebaTest" name="TestDeStress" time="0.001"/>
  <testcase classname="cs.ing.software.lab1.PruebaTest" name="TestDeStress" time="0.001"/>
  <testcase classname="cs.ing.software.lab1.PruebaTest" name="TestDeStress" time="0.001"/>
  <testcase classname="cs.ing.software.lab1.PruebaTest" name="TestDeStress" time="0.001"/>
  <testcase classname="cs.ing.software.lab1.PruebaTest" name="TestDeStress" time="0.0"/>
  <testcase classname="cs.ing.software.lab1.PruebaTest" name="TestDeStress" time="0.0"/>
  <testcase classname="cs.ing.software.lab1.PruebaTest" name="TestDeStress" time="0.001"/>
  <testcase classname="cs.ing.software.lab1.PruebaTest" name="TestDeStress" time="0.0"/>
  <testcase classname="cs.ing.software.lab1.PruebaTest" name="TestDeStress" time="0.001"/>
  <testcase classname="cs.ing.software.lab1.PruebaTest" name="TestDeStress" time="0.001"/>
  <testcase classname="cs.ing.software.lab1.PruebaTest" name="TestDeStress" time="0.0"/>
  <testcase classname="cs.ing.software.lab1.PruebaTest" name="TestDeStress" time="0.0"/>
  <testcase classname="cs.ing.software.lab1.PruebaTest" name="TestDeStress" time="0.001"/>
  <testcase classname="cs.ing.software.lab1.PruebaTest" name="TestDeStress" time="0.001"/>
  <testcase classname="cs.ing.software.lab1.PruebaTest" name="TestDeStress" time="0.0"/>
  <testcase classname="cs.ing.software.lab1.PruebaTest" name="TestDeStress" time="0.002"/>
  <testcase classname="cs.ing.software.lab1.PruebaTest" name="TestDeStress" time="0.001"/>
  <testcase classname="cs.ing.software.lab1.PruebaTest" name="TestDeStress" time="0.0"/>
  <testcase classname="cs.ing.software.lab1.PruebaTest" name="TestDeStress" time="0.001"/>
  <testcase classname="cs.ing.software.lab1.PruebaTest" name="TestDeStress" time="0.001"/>
  <testcase classname="cs.ing.software.lab1.PruebaTest" name="TestDeStress" time="0.0"/>
  <testcase classname="cs.ing.software.lab1.PruebaTest" name="TestDeStress" time="0.0"/>
  <testcase classname="cs.ing.software.lab1.PruebaTest" name="TestDeStress" time="0.0"/>
  <testcase classname="cs.ing.software.lab1.PruebaTest" name="TestDeStress" time="0.0"/>
  <testcase classname="cs.ing.software.lab1.PruebaTest" name="TestDeStress" time="0.0"/>
  <testcase classname="cs.ing.software.lab1.PruebaTest" name="TestDeStress" time="0.001"/>
  <testcase classname="cs.ing.software.lab1.PruebaTest" name="TestDeStress" time="0.0"/>
  <testcase classname="cs.ing.software.lab1.PruebaTest" name="TestDeStress" time="0.0"/>
  <testcase classname="cs.ing.software.lab1.PruebaTest" name="TestDeStress" time="0.0"/>
  <testcase classname="cs.ing.software.lab1.PruebaTest" name="TestDeStress" time="0.0"/>
  <testcase classname="cs.ing.software.lab1.PruebaTest" name="TestDeStress" time="0.001"/>
  <testcase classname="cs.ing.software.lab1.PruebaTest" name="TestDeStress" time="0.001"/>
  <testcase classname="cs.ing.software.lab1.PruebaTest" name="TestDeStress" time="0.001"/>
  <testcase classname="cs.ing.software.lab1.PruebaTest" name="TestDeStress" time="0.0"/>
  <testcase classname="cs.ing.software.lab1.PruebaTest" name="TestDeStress" time="0.0"/>
  <testcase classname="cs.ing.software.lab1.PruebaTest" name="TestDeStress" time="0.0"/>
  <testcase classname="cs.ing.software.lab1.PruebaTest" name="TestDeStress" time="0.0"/>
  <testcase classname="cs.ing.software.lab1.PruebaTest" name="TestDeStress" time="0.0"/>
  <testcase classname="cs.ing.software.lab1.PruebaTest" name="TestDeStress" time="0.0"/>
  <testcase classname="cs.ing.software.lab1.PruebaTest" name="TestDeStress" time="0.0"/>
  <testcase classname="cs.ing.software.lab1.PruebaTest" name="TestDeStress" time="0.0"/>
  <testcase classname="cs.ing.software.lab1.PruebaTest" name="TestDeStress" time="0.001"/>
  <testcase classname="cs.ing.software.lab1.PruebaTest" name="TestDeStress" time="0.001"/>
  <testcase classname="cs.ing.software.lab1.PruebaTest" name="TestDeStress" time="0.001"/>
  <testcase classname="cs.ing.software.lab1.PruebaTest" name="TestDeStress" time="0.001"/>
  <testcase classname="cs.ing.software.lab1.PruebaTest" name="TestDeStress" time="0.001"/>
  <testcase classname="cs.ing.software.lab1.PruebaTest" name="TestDeStress" time="0.0"/>
  <testcase classname="cs.ing.software.lab1.PruebaTest" name="TestDeStress" time="0.0"/>
  <testcase classname="cs.ing.software.lab1.PruebaTest" name="TestDeStress" time="0.001"/>
  <testcase classname="cs.ing.software.lab1.PruebaTest" name="TestDeStress" time="0.002"/>
  <testcase classname="cs.ing.software.lab1.PruebaTest" name="TestDeStress" time="0.002"/>
  <testcase classname="cs.ing.software.lab1.PruebaTest" name="TestDeStress" time="0.001"/>
  <testcase classname="cs.ing.software.lab1.PruebaTest" name="TestDeStress" time="0.0"/>
  <testcase classname="cs.ing.software.lab1.PruebaTest" name="TestDeStress" time="0.0"/>
  <testcase classname="cs.ing.software.lab1.PruebaTest" name="TestDeStress" time="0.0"/>
  <testcase classname="cs.ing.software.lab1.PruebaTest" name="TestDeStress" time="0.0"/>
  <testcase classname="cs.ing.software.lab1.PruebaTest" name="TestDeStress" time="0.0"/>
  <testcase classname="cs.ing.software.lab1.PruebaTest" name="TestDeStress" time="0.0"/>
  <testcase classname="cs.ing.software.lab1.PruebaTest" name="TestDeStress" time="0.0"/>
  <testcase classname="cs.ing.software.lab1.PruebaTest" name="TestDeStress" time="0.0"/>
  <testcase classname="cs.ing.software.lab1.PruebaTest" name="TestDeStress" time="0.0"/>
  <testcase classname="cs.ing.software.lab1.PruebaTest" name="TestDeStress" time="0.0"/>
  <testcase classname="cs.ing.software.lab1.PruebaTest" name="TestDeStress" time="0.0"/>
  <testcase classname="cs.ing.software.lab1.PruebaTest" name="TestDeStress" time="0.0"/>
  <testcase classname="cs.ing.software.lab1.PruebaTest" name="TestDeStress" time="0.0"/>
  <testcase classname="cs.ing.software.lab1.PruebaTest" name="TestDeStress" time="0.0"/>
  <testcase classname="cs.ing.software.lab1.PruebaTest" name="TestDeStress" time="0.0"/>
  <testcase classname="cs.ing.software.lab1.PruebaTest" name="TestDeStress" time="0.0"/>
  <testcase classname="cs.ing.software.lab1.PruebaTest" name="TestDeStress" time="0.0"/>
  <testcase classname="cs.ing.software.lab1.PruebaTest" name="TestDeStress" time="0.0"/>
  <testcase classname="cs.ing.software.lab1.PruebaTest" name="TestDeStress" time="0.0"/>
  <testcase classname="cs.ing.software.lab1.PruebaTest" name="TestDeStress" time="0.0"/>
</testsuite> <!-- Command line test -->
